Removed Pin From Net: NetName=5V Pin=*-1
Removed Pin From Net: NetName=5V Pin=C2-2
Removed Pin From Net: NetName=5V Pin=C3-2
Removed Pin From Net: NetName=5V Pin=C8-2
Removed Pin From Net: NetName=5V Pin=C12-2
Removed Pin From Net: NetName=5V Pin=C14-2
Removed Pin From Net: NetName=5V Pin=C15-2
Removed Pin From Net: NetName=5V Pin=C18-2
Removed Pin From Net: NetName=5V Pin=P3-2
Removed Pin From Net: NetName=5V Pin=R3-2
Removed Pin From Net: NetName=5V Pin=R12-2
Removed Pin From Net: NetName=5V Pin=U1-1
Removed Pin From Net: NetName=5V Pin=U1-3
Removed Pin From Net: NetName=5V Pin=U2-1
Removed Pin From Net: NetName=5V Pin=U2-3
Removed Pin From Net: NetName=5V Pin=U3-1
Removed Pin From Net: NetName=5V Pin=U3-3
Removed Pin From Net: NetName=5V Pin=U3-5
Removed Pin From Net: NetName=5V Pin=U5-1
Removed Pin From Net: NetName=5V Pin=U5-3
Change Net Name : Old Net Name=5V New Net Name=GND
Added Pin To Net: NetName=3V3 Pin=C2-2
Added Pin To Net: NetName=3V3 Pin=C3-2
Added Pin To Net: NetName=3V3 Pin=C8-2
Added Pin To Net: NetName=3V3 Pin=C14-2
Added Pin To Net: NetName=3V3 Pin=C15-2
Added Pin To Net: NetName=3V3 Pin=R3-2
Added Pin To Net: NetName=3V3 Pin=U1-1
Added Pin To Net: NetName=3V3 Pin=U1-3
Added Pin To Net: NetName=3V3 Pin=U2-1
Added Pin To Net: NetName=3V3 Pin=U2-3
Added Pin To Net: NetName=3V3 Pin=U3-5
Added Net: Name=3V3
Added Pin To Net: NetName=5V Pin=*-1
Added Pin To Net: NetName=5V Pin=C12-2
Added Pin To Net: NetName=5V Pin=C18-2
Added Pin To Net: NetName=5V Pin=P3-2
Added Pin To Net: NetName=5V Pin=R12-2
Added Pin To Net: NetName=5V Pin=U3-1
Added Pin To Net: NetName=5V Pin=U3-3
Added Pin To Net: NetName=5V Pin=U5-1
Added Pin To Net: NetName=5V Pin=U5-3
Added Net: Name=5V
Added Room: Name=F407VET6£¨Ö÷¿Ø£©
Added Room: Name=ov7670µçÂ·£¨Æï·É£©
