Removed Pin From Net: NetName=SPI1_MOSI Pin=J1-1
Removed Pin From Net: NetName=SPI1_MISO Pin=J1-2
Removed Pin From Net: NetName=SPI1_SCK Pin=J1-3
Removed Pin From Net: NetName=SPI1_CS Pin=J1-4
Removed Pin From Net: NetName=SPI1_RS Pin=J1-5
Removed Pin From Net: NetName=SPI1_REST Pin=J1-6
Removed Pin From Net: NetName=GND Pin=J1-7
Removed Pin From Net: NetName=3.3V Pin=J1-8
Removed Member From Class: ClassName=F407VET6（主控） Member=J1
Change Component Footprint: Designator=P2 Old Footprint=HDR4X1-2.54 New Footprint=PIN4-k
Change Component Footprint: Designator=P3 Old Footprint=HDR4X1-2.54 New Footprint=PIN4-k
Change Component Comment : Designator=P2 Old Comment=Header 4 New Comment=P2
Change Component Comment : Designator=P3 Old Comment=Header 4 New Comment=P3
Change component parameters: Designator = "P2"; Footprint = "PIN4-k"; UniqueID = "\CFWFODDK"
Change component parameters. Clean all parameters for all variants
Change component parameters: Designator = "P3"; Footprint = "PIN4-k"; UniqueID = "\VQWJHRTX"
Change component parameters. Clean all parameters for all variants
Change component parameters: Designator = "S1"; Footprint = "Switch-PB-C-M"; UniqueID = "\KBAUTCVV"
Change component parameters. Clean all parameters for all variants
Change component parameters (AddParameter): Name = "LatestRevisionDate"; Value = "17-Jul-2002"; VariantName = "[No Variations]"
Change component parameters (AddParameter): Name = "LatestRevisionNote"; Value = "Re-released for DXP Platform."; VariantName = "[No Variations]"
Change component parameters (AddParameter): Name = "PackageDescription"; Value = "Switch; 2 Leads"; VariantName = "[No Variations]"
Change component parameters (AddParameter): Name = "PackageReference"; Value = "SPST-2"; VariantName = "[No Variations]"
Change component parameters (AddParameter): Name = "Published"; Value = "24-Mar-1999"; VariantName = "[No Variations]"
Change component parameters (AddParameter): Name = "Publisher"; Value = "Altium Limited"; VariantName = "[No Variations]"
Change component parameters: Designator = "S2"; Footprint = "Switch-PB-C-M"; UniqueID = "\CDOQTOLW"
Change component parameters. Clean all parameters for all variants
Change component parameters (AddParameter): Name = "LatestRevisionDate"; Value = "17-Jul-2002"; VariantName = "[No Variations]"
Change component parameters (AddParameter): Name = "LatestRevisionNote"; Value = "Re-released for DXP Platform."; VariantName = "[No Variations]"
Change component parameters (AddParameter): Name = "PackageDescription"; Value = "Switch; 2 Leads"; VariantName = "[No Variations]"
Change component parameters (AddParameter): Name = "PackageReference"; Value = "SPST-2"; VariantName = "[No Variations]"
Change component parameters (AddParameter): Name = "Published"; Value = "24-Mar-1999"; VariantName = "[No Variations]"
Change component parameters (AddParameter): Name = "Publisher"; Value = "Altium Limited"; VariantName = "[No Variations]"
Change component parameters: Designator = "S3"; Footprint = "Switch-PB-C-M"; UniqueID = "\JYOLWPEY"
Change component parameters. Clean all parameters for all variants
Change component parameters (AddParameter): Name = "LatestRevisionDate"; Value = "17-Jul-2002"; VariantName = "[No Variations]"
Change component parameters (AddParameter): Name = "LatestRevisionNote"; Value = "Re-released for DXP Platform."; VariantName = "[No Variations]"
Change component parameters (AddParameter): Name = "PackageDescription"; Value = "Switch; 2 Leads"; VariantName = "[No Variations]"
Change component parameters (AddParameter): Name = "PackageReference"; Value = "SPST-2"; VariantName = "[No Variations]"
Change component parameters (AddParameter): Name = "Published"; Value = "24-Mar-1999"; VariantName = "[No Variations]"
Change component parameters (AddParameter): Name = "Publisher"; Value = "Altium Limited"; VariantName = "[No Variations]"
Added Component: Designator=SPI(PIN8-k)
Add component. Clean all parameters for all variants
Added Pin To Net: NetName=SPI1_MOSI Pin=SPI-1
Added Pin To Net: NetName=SPI1_MISO Pin=SPI-2
Added Pin To Net: NetName=SPI1_SCK Pin=SPI-3
Added Pin To Net: NetName=SPI1_CS Pin=SPI-4
Added Pin To Net: NetName=SPI1_RS Pin=SPI-5
Added Pin To Net: NetName=SPI1_REST Pin=SPI-6
Added Pin To Net: NetName=GND Pin=SPI-7
Added Pin To Net: NetName=3.3V Pin=SPI-8
Added Member To Class: ClassName=F407VET6（主控） Member=Component SPI COM8-2.54
Added Room: Name=F407VET6（主控）
Added Room: Name=ov7670电路（骑飞）
