Removed Pin From Net: NetName=AGND Pin=C1-1
Removed Pin From Net: NetName=AGND Pin=P1-23
Added Component: Designator=C3(C_0603)
Add component. Clean all parameters for all variants
Added Component: Designator=R4(0603-1)
Add component. Clean all parameters for all variants
Add component (AddParameter): Name = "LatestRevisionDate"; Value = "17-Jul-2002"; VariantName = "[No Variations]"
Add component (AddParameter): Name = "LatestRevisionNote"; Value = "Re-released for DXP Platform."; VariantName = "[No Variations]"
Add component (AddParameter): Name = "PackageReference"; Value = "AXIAL-0.4"; VariantName = "[No Variations]"
Add component (AddParameter): Name = "Published"; Value = "8-Jun-2000"; VariantName = "[No Variations]"
Add component (AddParameter): Name = "Publisher"; Value = "Altium Limited"; VariantName = "[No Variations]"
Add component (AddParameter): Name = "Value"; Value = "10"; VariantName = "[No Variations]"
Added Pin To Net: NetName=AGND Pin=C3-1
Added Pin To Net: NetName=3V3 Pin=C3-2
Added Pin To Net: NetName=AGND Pin=R4-1
Change Net Name : Old Net Name=AGND New Net Name=GND
Added Pin To Net: NetName=AGND Pin=C1-1
Added Pin To Net: NetName=AGND Pin=P1-23
Added Pin To Net: NetName=AGND Pin=R4-2
Added Net: Name=AGND
Added Member To Class: ClassName=ov7670电路（骑飞） Member=Component C3 1UF
Added Member To Class: ClassName=ov7670电路（骑飞） Member=Component R4 Res1
