Removed Pin From Net: NetName=GND Pin=P1-2
Removed Pin From Net: NetName=SIOD Pin=P1-3
Removed Pin From Net: NetName=AVDD(2.45~3.0V) Pin=P1-4
Removed Pin From Net: NetName=SIOC Pin=P1-5
Removed Pin From Net: NetName=RESET Pin=P1-6
Removed Pin From Net: NetName=DCMI_VSYNC Pin=P1-7
Removed Pin From Net: NetName=PWDN Pin=P1-8
Removed Pin From Net: NetName=DCMI_HREF Pin=P1-9
Removed Pin From Net: NetName=1.8V Pin=P1-10
Removed Pin From Net: NetName=DOVDD(1.7~3.0V) Pin=P1-11
Removed Pin From Net: NetName=DCMI_D9 Pin=P1-12
Removed Pin From Net: NetName=DCMI_XCLK Pin=P1-13
Removed Pin From Net: NetName=DCMI_D8 Pin=P1-14
Removed Pin From Net: NetName=GND Pin=P1-15
Removed Pin From Net: NetName=DCMI_D7 Pin=P1-16
Removed Pin From Net: NetName=DCMI_PCLK Pin=P1-17
Removed Pin From Net: NetName=DCMI_D6 Pin=P1-18
Removed Pin From Net: NetName=DCMI_D2 Pin=P1-19
Removed Pin From Net: NetName=DCMI_D5 Pin=P1-20
Removed Pin From Net: NetName=DCMI_D3 Pin=P1-21
Removed Pin From Net: NetName=DCMI_D4 Pin=P1-22
Removed Pin From Net: NetName=DCMI_D1 Pin=P1-23
Removed Pin From Net: NetName=GND Pin=P1-A
Removed Pin From Net: NetName=GND Pin=P1-B
Removed Pin From Net: NetName=GND Pin=P3-0
Removed Pin From Net: NetName=GND Pin=P3-0
Removed Pin From Net: NetName=GND Pin=R4-1
Removed Pin From Net: NetName=GND Pin=S1-0
Removed Pin From Net: NetName=GND Pin=S1-0
Removed Pin From Net: NetName=GND Pin=S2-0
Removed Pin From Net: NetName=GND Pin=S2-0
Removed Pin From Net: NetName=GND Pin=S3-0
Removed Pin From Net: NetName=GND Pin=S3-0
Removed Pin From Net: NetName=DCMI_D6 Pin=U4-4
Removed Pin From Net: NetName=DCMI_D7 Pin=U4-5
Removed Pin From Net: NetName=DCMI_D1 Pin=U4-64
Removed Pin From Net: NetName=DCMI_D2 Pin=U4-65
Removed Pin From Net: NetName=DCMI_D4 Pin=U4-79
Removed Pin From Net: NetName=DCMI_D5 Pin=U4-92
Removed Pin From Net: NetName=DCMI_D3 Pin=U4-98
Removed Member From Class: ClassName=ov7670电路（骑飞） Member=R4
Change component parameters: Designator = "S1"; Footprint = "Switch-PB-C-M"; UniqueID = "\KBAUTCVV"
Change component parameters. Clean all parameters for all variants
Change component parameters (AddParameter): Name = "LatestRevisionDate"; Value = "17-Jul-2002"; VariantName = "[No Variations]"
Change component parameters (AddParameter): Name = "LatestRevisionNote"; Value = "Re-released for DXP Platform."; VariantName = "[No Variations]"
Change component parameters (AddParameter): Name = "PackageDescription"; Value = "Switch; 2 Leads"; VariantName = "[No Variations]"
Change component parameters (AddParameter): Name = "PackageReference"; Value = "SPST-2"; VariantName = "[No Variations]"
Change component parameters (AddParameter): Name = "Published"; Value = "24-Mar-1999"; VariantName = "[No Variations]"
Change component parameters (AddParameter): Name = "Publisher"; Value = "Altium Limited"; VariantName = "[No Variations]"
Change component parameters: Designator = "S2"; Footprint = "Switch-PB-C-M"; UniqueID = "\CDOQTOLW"
Change component parameters. Clean all parameters for all variants
Change component parameters (AddParameter): Name = "LatestRevisionDate"; Value = "17-Jul-2002"; VariantName = "[No Variations]"
Change component parameters (AddParameter): Name = "LatestRevisionNote"; Value = "Re-released for DXP Platform."; VariantName = "[No Variations]"
Change component parameters (AddParameter): Name = "PackageDescription"; Value = "Switch; 2 Leads"; VariantName = "[No Variations]"
Change component parameters (AddParameter): Name = "PackageReference"; Value = "SPST-2"; VariantName = "[No Variations]"
Change component parameters (AddParameter): Name = "Published"; Value = "24-Mar-1999"; VariantName = "[No Variations]"
Change component parameters (AddParameter): Name = "Publisher"; Value = "Altium Limited"; VariantName = "[No Variations]"
Change component parameters: Designator = "S3"; Footprint = "Switch-PB-C-M"; UniqueID = "\JYOLWPEY"
Change component parameters. Clean all parameters for all variants
Change component parameters (AddParameter): Name = "LatestRevisionDate"; Value = "17-Jul-2002"; VariantName = "[No Variations]"
Change component parameters (AddParameter): Name = "LatestRevisionNote"; Value = "Re-released for DXP Platform."; VariantName = "[No Variations]"
Change component parameters (AddParameter): Name = "PackageDescription"; Value = "Switch; 2 Leads"; VariantName = "[No Variations]"
Change component parameters (AddParameter): Name = "PackageReference"; Value = "SPST-2"; VariantName = "[No Variations]"
Change component parameters (AddParameter): Name = "Published"; Value = "24-Mar-1999"; VariantName = "[No Variations]"
Change component parameters (AddParameter): Name = "Publisher"; Value = "Altium Limited"; VariantName = "[No Variations]"
Added Component: Designator=C3(C_0603)
Add component. Clean all parameters for all variants
Added Pin To Net: NetName=GND Pin=C1-1
Added Pin To Net: NetName=GND Pin=C3-1
Added Pin To Net: NetName=3V3 Pin=C3-2
Added Pin To Net: NetName=DCMI_D1 Pin=P1-2
Added Pin To Net: NetName=DCMI_D4 Pin=P1-3
Added Pin To Net: NetName=DCMI_D3 Pin=P1-4
Added Pin To Net: NetName=DCMI_D5 Pin=P1-5
Added Pin To Net: NetName=DCMI_D2 Pin=P1-6
Added Pin To Net: NetName=DCMI_D6 Pin=P1-7
Added Pin To Net: NetName=DCMI_PCLK Pin=P1-8
Added Pin To Net: NetName=DCMI_D7 Pin=P1-9
Added Pin To Net: NetName=GND Pin=P1-10
Added Pin To Net: NetName=DCMI_D8 Pin=P1-11
Added Pin To Net: NetName=DCMI_XCLK Pin=P1-12
Added Pin To Net: NetName=DCMI_D9 Pin=P1-13
Added Pin To Net: NetName=DOVDD(1.7~3.0V) Pin=P1-14
Added Pin To Net: NetName=1.8V Pin=P1-15
Added Pin To Net: NetName=DCMI_HREF Pin=P1-16
Added Pin To Net: NetName=PWDN Pin=P1-17
Added Pin To Net: NetName=DCMI_VSYNC Pin=P1-18
Added Pin To Net: NetName=RESET Pin=P1-19
Added Pin To Net: NetName=SIOC Pin=P1-20
Added Pin To Net: NetName=AVDD(2.45~3.0V) Pin=P1-21
Added Pin To Net: NetName=SIOD Pin=P1-22
Added Pin To Net: NetName=GND Pin=P1-23
Added Pin To Net: NetName=DCMI_D8 Pin=U4-4
Added Pin To Net: NetName=DCMI_D9 Pin=U4-5
Added Pin To Net: NetName=DCMI_D2 Pin=U4-63
Added Pin To Net: NetName=DCMI_D3 Pin=U4-64
Added Pin To Net: NetName=DCMI_D4 Pin=U4-65
Added Pin To Net: NetName=DCMI_D6 Pin=U4-79
Added Pin To Net: NetName=DCMI_D7 Pin=U4-92
Added Pin To Net: NetName=DCMI_D5 Pin=U4-98
Change Net Name : Old Net Name=GND New Net Name=AGND
Change Net Name : Old Net Name=NC New Net Name=DCMI_D0
Added Pin To Net: NetName=NC Pin=P1-24
Added Net: Name=NC
Added Member To Class: ClassName=ov7670电路（骑飞） Member=Component C3 1UF
Added Room: Name=F407VET6（主控）
Added Room: Name=ov7670电路（骑飞）
