Added Component: Designator=U4(STM-LQFP100_L)
Add component. Clean all parameters for all variants
Add component (AddParameter): Name = "ComponentLink1Description"; Value = "Manufacturer URL"; VariantName = "[No Variations]"
Add component (AddParameter): Name = "ComponentLink1URL"; Value = "http://www.st.com/web/en/home.html"; VariantName = "[No Variations]"
Add component (AddParameter): Name = "ComponentLink2Description"; Value = "Datasheet"; VariantName = "[No Variations]"
Add component (AddParameter): Name = "ComponentLink2URL"; Value = "http://www.st.com/st-web-ui/static/active/en/resource/technical/document/datasheet/DM00037051.pdf"; VariantName = "[No Variations]"
Add component (AddParameter): Name = "ComponentLink3Description"; Value = "Package Specification"; VariantName = "[No Variations]"
Add component (AddParameter): Name = "ComponentLink3URL"; Value = "http://www.st.com/st-web-ui/static/active/en/resource/technical/document/data_brief/DM00071938.pdf"; VariantName = "[No Variations]"
Add component (AddParameter): Name = "Core"; Value = "ARM Cortex-M4"; VariantName = "[No Variations]"
Add component (AddParameter): Name = "D/A Converter"; Value = "2x12-bit"; VariantName = "[No Variations]"
Add component (AddParameter): Name = "DatasheetVersion"; Value = "Rev. 4"; VariantName = "[No Variations]"
Add component (AddParameter): Name = "FLASH Size (Prog) (kB)"; Value = "512"; VariantName = "[No Variations]"
Add component (AddParameter): Name = "I/Os (High Current)"; Value = "82"; VariantName = "[No Variations]"
Add component (AddParameter): Name = "Internal RAM Size (kB)"; Value = "192"; VariantName = "[No Variations]"
Add component (AddParameter): Name = "Manufacturer"; Value = "STMicroelectronics"; VariantName = "[No Variations]"
Add component (AddParameter): Name = "Mounting Technology"; Value = "Surface Mount"; VariantName = "[No Variations]"
Add component (AddParameter): Name = "Operating Frequency(F) (Processor speed) (MHz)"; Value = "168"; VariantName = "[No Variations]"
Add component (AddParameter): Name = "PackageDescription"; Value = "100-Pin Low Profile Quad Flat Package, 14 x 14 mm Body, 0.5 mm Pitch"; VariantName = "[No Variations]"
Add component (AddParameter): Name = "PackageReference"; Value = "LQFP100"; VariantName = "[No Variations]"
Add component (AddParameter): Name = "PackageVersion"; Value = "Rev. 1, 06/2013"; VariantName = "[No Variations]"
Add component (AddParameter): Name = "Packing"; Value = "Tray"; VariantName = "[No Variations]"
Add component (AddParameter): Name = "PartNumber"; Value = "STM32F407VET6"; VariantName = "[No Variations]"
Add component (AddParameter): Name = "Supplier 1"; Value = "Digi-Key"; VariantName = "[No Variations]"
Add component (AddParameter): Name = "Supplier 2"; Value = "Farnell"; VariantName = "[No Variations]"
Add component (AddParameter): Name = "Supplier 3"; Value = "Newark"; VariantName = "[No Variations]"
Add component (AddParameter): Name = "Supplier 4"; Value = "Mouser"; VariantName = "[No Variations]"
Add component (AddParameter): Name = "Supplier Part Number 1"; Value = "497-12075-ND"; VariantName = "[No Variations]"
Add component (AddParameter): Name = "Supplier Part Number 2"; Value = "2064367"; VariantName = "[No Variations]"
Add component (AddParameter): Name = "Supplier Part Number 3"; Value = "73T2332"; VariantName = "[No Variations]"
Add component (AddParameter): Name = "Supplier Part Number 4"; Value = "511-STM32F407VET6"; VariantName = "[No Variations]"
Add component (AddParameter): Name = "Supply Voltage(Vcc) max (V)"; Value = "3.6"; VariantName = "[No Variations]"
Add component (AddParameter): Name = "Supply Voltage(Vcc) min (V)"; Value = "1.8"; VariantName = "[No Variations]"
Added Pin To Net: NetName=DCMI_D6 Pin=U4-4
Added Pin To Net: NetName=DCMI_D7 Pin=U4-5
Added Pin To Net: NetName=3.3V Pin=U4-6
Added Pin To Net: NetName=5V Pin=U4-10
Added Pin To Net: NetName=3.3V Pin=U4-11
Added Pin To Net: NetName=OS_8M_IN Pin=U4-12
Added Pin To Net: NetName=OS_8M_OUT Pin=U4-13
Added Pin To Net: NetName=NRST Pin=U4-14
Added Pin To Net: NetName=SIOD Pin=U4-15
Added Pin To Net: NetName=SIOC Pin=U4-16
Added Pin To Net: NetName=RESET Pin=U4-17
Added Pin To Net: NetName=PWDN Pin=U4-18
Added Pin To Net: NetName=3.3V Pin=U4-19
Added Pin To Net: NetName=5V Pin=U4-20
Added Pin To Net: NetName=VDDA Pin=U4-21
Added Pin To Net: NetName=VDDA Pin=U4-22
Added Pin To Net: NetName=5V Pin=U4-27
Added Pin To Net: NetName=3.3V Pin=U4-28
Added Pin To Net: NetName=DCMI_HREF Pin=U4-29
Added Pin To Net: NetName=SPI1_SCK Pin=U4-30
Added Pin To Net: NetName=DCMI_PCLK Pin=U4-31
Added Pin To Net: NetName=SPI1_MISO Pin=U4-32
Added Pin To Net: NetName=BOOT1 Pin=U4-37
Added Pin To Net: NetName=SPI1_RS Pin=U4-39
Added Pin To Net: NetName=SPI1_REST Pin=U4-40
Added Pin To Net: NetName=NetC23_2 Pin=U4-49
Added Pin To Net: NetName=3.3V Pin=U4-50
Added Pin To Net: NetName=DCMI_D0 Pin=U4-63
Added Pin To Net: NetName=DCMI_D1 Pin=U4-64
Added Pin To Net: NetName=DCMI_D2 Pin=U4-65
Added Pin To Net: NetName=DCMI_XCLK Pin=U4-67
Added Pin To Net: NetName=USART1-RX Pin=U4-68
Added Pin To Net: NetName=USART1-TX Pin=U4-69
Added Pin To Net: NetName=USB_D- Pin=U4-70
Added Pin To Net: NetName=USB_D+ Pin=U4-71
Added Pin To Net: NetName=SWDIO Pin=U4-72
Added Pin To Net: NetName=NetC24_1 Pin=U4-73
Added Pin To Net: NetName=5V Pin=U4-74
Added Pin To Net: NetName=3.3V Pin=U4-75
Added Pin To Net: NetName=SWCLK Pin=U4-76
Added Pin To Net: NetName=SPI1_CS Pin=U4-77
Added Pin To Net: NetName=DCMI_D4 Pin=U4-79
Added Pin To Net: NetName=SPI1_MISO Pin=U4-90
Added Pin To Net: NetName=DCMI_D5 Pin=U4-92
Added Pin To Net: NetName=DCMI_VSYNC Pin=U4-93
Added Pin To Net: NetName=BOOT0 Pin=U4-94
Added Pin To Net: NetName=DCMI_D3 Pin=U4-98
Added Pin To Net: NetName=5V Pin=U4-99
Added Pin To Net: NetName=3.3V Pin=U4-100
Added Member To Class: ClassName=F407VET6£¨Ö÷¿Ø£© Member=Component U4 STM32F407VET6
