Added Component: Designator=C?(C_0603)
Add component. Clean all parameters for all variants
Added Component: Designator=C?(C_0603)
Add component. Clean all parameters for all variants
Added Component: Designator=C?(C_0603)
Add component. Clean all parameters for all variants
Added Component: Designator=C?(C_0603)
Add component. Clean all parameters for all variants
Added Component: Designator=C?(C_0603)
Add component. Clean all parameters for all variants
Added Component: Designator=C?(C_0603)
Add component. Clean all parameters for all variants
Added Component: Designator=C?(C_0603)
Add component. Clean all parameters for all variants
Added Pin To Net: NetName=GND Pin=C?-1
Added Pin To Net: NetName=GND Pin=C?-1
Added Pin To Net: NetName=GND Pin=C?-1
Added Pin To Net: NetName=GND Pin=C?-1
Added Pin To Net: NetName=GND Pin=C?-1
Added Pin To Net: NetName=GND Pin=C?-1
Added Pin To Net: NetName=GND Pin=C?-1
Added Pin To Net: NetName=3.3V_MCU Pin=C?-2
Added Pin To Net: NetName=3.3V_MCU Pin=C?-2
Added Pin To Net: NetName=3.3V_MCU Pin=C?-2
Added Pin To Net: NetName=3.3V_MCU Pin=C?-2
Added Pin To Net: NetName=3.3V_MCU Pin=C?-2
Added Pin To Net: NetName=3.3V_MCU Pin=C?-2
Added Pin To Net: NetName=3.3V_MCU Pin=C?-2
Added Pin To Net: NetName=3.3V_MCU Pin=L1-2
Added Member To Class: ClassName=F407VET6（主控） Member=Component C? CAP
Added Member To Class: ClassName=F407VET6（主控） Member=Component C? CAP
Added Member To Class: ClassName=F407VET6（主控） Member=Component C? CAP
Added Member To Class: ClassName=F407VET6（主控） Member=Component C? CAP
Added Member To Class: ClassName=F407VET6（主控） Member=Component C? CAP
Added Member To Class: ClassName=F407VET6（主控） Member=Component C? CAP
Added Member To Class: ClassName=F407VET6（主控） Member=Component C? CAP
