Added Component: Designator=C1(C_0603)
Add component. Clean all parameters for all variants
Added Component: Designator=C2(C_0603)
Add component. Clean all parameters for all variants
Added Component: Designator=C3(C_0603)
Add component. Clean all parameters for all variants
Added Component: Designator=C4(C_0603)
Add component. Clean all parameters for all variants
Added Component: Designator=C5(C_0603)
Add component. Clean all parameters for all variants
Added Component: Designator=C6(C_0603)
Add component. Clean all parameters for all variants
Added Component: Designator=C7(C_0603)
Add component. Clean all parameters for all variants
Added Component: Designator=C8(C_0603)
Add component. Clean all parameters for all variants
Added Component: Designator=C9(C_0603)
Add component. Clean all parameters for all variants
Added Component: Designator=C10(C_0603)
Add component. Clean all parameters for all variants
Added Component: Designator=C11(C_0603)
Add component. Clean all parameters for all variants
Added Component: Designator=C12(C_0603)
Add component. Clean all parameters for all variants
Added Component: Designator=C13(C_0603)
Add component. Clean all parameters for all variants
Added Component: Designator=C14(C_0603)
Add component. Clean all parameters for all variants
Added Component: Designator=C15(C_0603)
Add component. Clean all parameters for all variants
Added Component: Designator=C16(C_0603)
Add component. Clean all parameters for all variants
Added Component: Designator=C17(C_0603)
Add component. Clean all parameters for all variants
Added Component: Designator=C18(C_0603)
Add component. Clean all parameters for all variants
Added Component: Designator=C19(C_0603)
Add component. Clean all parameters for all variants
Added Component: Designator=C20(C_0603)
Add component. Clean all parameters for all variants
Added Component: Designator=C21(C_0603)
Add component. Clean all parameters for all variants
Added Component: Designator=C22(C_0603)
Add component. Clean all parameters for all variants
Added Component: Designator=C23(C_0603)
Add component. Clean all parameters for all variants
Added Component: Designator=C24(C_0603)
Add component. Clean all parameters for all variants
Added Component: Designator=D1(LED_3MM)
Add component. Clean all parameters for all variants
Add component (AddParameter): Name = "PCB DECAL"; Value = "LED_0603"; VariantName = "[No Variations]"
Add component (AddParameter): Name = "Value"; Value = "BLUE"; VariantName = "[No Variations]"
Added Component: Designator=D2(LED_0603)
Add component. Clean all parameters for all variants
Add component (AddParameter): Name = "PCB DECAL"; Value = "LED_0603"; VariantName = "[No Variations]"
Add component (AddParameter): Name = "Value"; Value = "BLUE"; VariantName = "[No Variations]"
Added Component: Designator=D3(LED_0603)
Add component. Clean all parameters for all variants
Add component (AddParameter): Name = "PCB DECAL"; Value = "LED_0603"; VariantName = "[No Variations]"
Add component (AddParameter): Name = "Value"; Value = "BLUE"; VariantName = "[No Variations]"
Added Component: Designator=J1(sip-8)
Add component. Clean all parameters for all variants
Added Component: Designator=L1(CD127)
Add component. Clean all parameters for all variants
Added Component: Designator=P1(FPC0.5-40P-A)
Add component. Clean all parameters for all variants
Added Component: Designator=P2(EDSTLZ1550-4P)
Add component. Clean all parameters for all variants
Add component (AddParameter): Name = "LatestRevisionDate"; Value = "17-Jul-2002"; VariantName = "[No Variations]"
Add component (AddParameter): Name = "LatestRevisionNote"; Value = "Re-released for DXP Platform."; VariantName = "[No Variations]"
Add component (AddParameter): Name = "Publisher"; Value = "Altium Limited"; VariantName = "[No Variations]"
Added Component: Designator=P3(EDSTLZ1550-4P)
Add component. Clean all parameters for all variants
Add component (AddParameter): Name = "LatestRevisionDate"; Value = "17-Jul-2002"; VariantName = "[No Variations]"
Add component (AddParameter): Name = "LatestRevisionNote"; Value = "Re-released for DXP Platform."; VariantName = "[No Variations]"
Add component (AddParameter): Name = "Publisher"; Value = "Altium Limited"; VariantName = "[No Variations]"
Added Component: Designator=R1(AXIAL0.3)
Add component. Clean all parameters for all variants
Added Component: Designator=R2(AXIAL0.3)
Add component. Clean all parameters for all variants
Added Component: Designator=R3(AXIAL0.3)
Add component. Clean all parameters for all variants
Added Component: Designator=R4(AXIAL0.3)
Add component. Clean all parameters for all variants
Added Component: Designator=R5(R_0603)
Add component. Clean all parameters for all variants
Added Component: Designator=R6(R_0603)
Add component. Clean all parameters for all variants
Added Component: Designator=R7(R_0603)
Add component. Clean all parameters for all variants
Added Component: Designator=R8(R_0603)
Add component. Clean all parameters for all variants
Added Component: Designator=R9(R_0603)
Add component. Clean all parameters for all variants
Added Component: Designator=R10(R_0603)
Add component. Clean all parameters for all variants
Added Component: Designator=R11(R_0603)
Add component. Clean all parameters for all variants
Added Component: Designator=S1(SW_PB2_A1)
Add component. Clean all parameters for all variants
Add component (AddParameter): Name = "LatestRevisionDate"; Value = "17-Jul-2002"; VariantName = "[No Variations]"
Add component (AddParameter): Name = "LatestRevisionNote"; Value = "Re-released for DXP Platform."; VariantName = "[No Variations]"
Add component (AddParameter): Name = "PackageReference"; Value = "SPST-2"; VariantName = "[No Variations]"
Add component (AddParameter): Name = "Published"; Value = "24-Mar-1999"; VariantName = "[No Variations]"
Add component (AddParameter): Name = "Publisher"; Value = "Altium Limited"; VariantName = "[No Variations]"
Added Component: Designator=S2(SW_PB2_A1)
Add component. Clean all parameters for all variants
Add component (AddParameter): Name = "LatestRevisionDate"; Value = "17-Jul-2002"; VariantName = "[No Variations]"
Add component (AddParameter): Name = "LatestRevisionNote"; Value = "Re-released for DXP Platform."; VariantName = "[No Variations]"
Add component (AddParameter): Name = "PackageReference"; Value = "SPST-2"; VariantName = "[No Variations]"
Add component (AddParameter): Name = "Published"; Value = "24-Mar-1999"; VariantName = "[No Variations]"
Add component (AddParameter): Name = "Publisher"; Value = "Altium Limited"; VariantName = "[No Variations]"
Added Component: Designator=S3(SW_PB2_A1)
Add component. Clean all parameters for all variants
Add component (AddParameter): Name = "LatestRevisionDate"; Value = "17-Jul-2002"; VariantName = "[No Variations]"
Add component (AddParameter): Name = "LatestRevisionNote"; Value = "Re-released for DXP Platform."; VariantName = "[No Variations]"
Add component (AddParameter): Name = "PackageReference"; Value = "SPST-2"; VariantName = "[No Variations]"
Add component (AddParameter): Name = "Published"; Value = "24-Mar-1999"; VariantName = "[No Variations]"
Add component (AddParameter): Name = "Publisher"; Value = "Altium Limited"; VariantName = "[No Variations]"
Added Component: Designator=U4(STM-LQFP100_L)
Add component. Clean all parameters for all variants
Add component (AddParameter): Name = "ComponentLink1Description"; Value = "Manufacturer URL"; VariantName = "[No Variations]"
Add component (AddParameter): Name = "ComponentLink1URL"; Value = "http://www.st.com/web/en/home.html"; VariantName = "[No Variations]"
Add component (AddParameter): Name = "ComponentLink2Description"; Value = "Datasheet"; VariantName = "[No Variations]"
Add component (AddParameter): Name = "ComponentLink2URL"; Value = "http://www.st.com/st-web-ui/static/active/en/resource/technical/document/datasheet/DM00037051.pdf"; VariantName = "[No Variations]"
Add component (AddParameter): Name = "ComponentLink3Description"; Value = "Package Specification"; VariantName = "[No Variations]"
Add component (AddParameter): Name = "ComponentLink3URL"; Value = "http://www.st.com/st-web-ui/static/active/en/resource/technical/document/data_brief/DM00071938.pdf"; VariantName = "[No Variations]"
Add component (AddParameter): Name = "Core"; Value = "ARM Cortex-M4"; VariantName = "[No Variations]"
Add component (AddParameter): Name = "D/A Converter"; Value = "2x12-bit"; VariantName = "[No Variations]"
Add component (AddParameter): Name = "DatasheetVersion"; Value = "Rev. 4"; VariantName = "[No Variations]"
Add component (AddParameter): Name = "FLASH Size (Prog) (kB)"; Value = "512"; VariantName = "[No Variations]"
Add component (AddParameter): Name = "I/Os (High Current)"; Value = "82"; VariantName = "[No Variations]"
Add component (AddParameter): Name = "Internal RAM Size (kB)"; Value = "192"; VariantName = "[No Variations]"
Add component (AddParameter): Name = "Manufacturer"; Value = "STMicroelectronics"; VariantName = "[No Variations]"
Add component (AddParameter): Name = "Mounting Technology"; Value = "Surface Mount"; VariantName = "[No Variations]"
Add component (AddParameter): Name = "Operating Frequency(F) (Processor speed) (MHz)"; Value = "168"; VariantName = "[No Variations]"
Add component (AddParameter): Name = "PackageDescription"; Value = "100-Pin Low Profile Quad Flat Package, 14 x 14 mm Body, 0.5 mm Pitch"; VariantName = "[No Variations]"
Add component (AddParameter): Name = "PackageReference"; Value = "LQFP100"; VariantName = "[No Variations]"
Add component (AddParameter): Name = "PackageVersion"; Value = "Rev. 1, 06/2013"; VariantName = "[No Variations]"
Add component (AddParameter): Name = "Packing"; Value = "Tray"; VariantName = "[No Variations]"
Add component (AddParameter): Name = "PartNumber"; Value = "STM32F407VET6"; VariantName = "[No Variations]"
Add component (AddParameter): Name = "Supplier 1"; Value = "Digi-Key"; VariantName = "[No Variations]"
Add component (AddParameter): Name = "Supplier 2"; Value = "Farnell"; VariantName = "[No Variations]"
Add component (AddParameter): Name = "Supplier 3"; Value = "Newark"; VariantName = "[No Variations]"
Add component (AddParameter): Name = "Supplier 4"; Value = "Mouser"; VariantName = "[No Variations]"
Add component (AddParameter): Name = "Supplier Part Number 1"; Value = "497-12075-ND"; VariantName = "[No Variations]"
Add component (AddParameter): Name = "Supplier Part Number 2"; Value = "2064367"; VariantName = "[No Variations]"
Add component (AddParameter): Name = "Supplier Part Number 3"; Value = "73T2332"; VariantName = "[No Variations]"
Add component (AddParameter): Name = "Supplier Part Number 4"; Value = "511-STM32F407VET6"; VariantName = "[No Variations]"
Add component (AddParameter): Name = "Supply Voltage(Vcc) max (V)"; Value = "3.6"; VariantName = "[No Variations]"
Add component (AddParameter): Name = "Supply Voltage(Vcc) min (V)"; Value = "1.8"; VariantName = "[No Variations]"
Added Component: Designator=Y1(X-CPX20)
Add component. Clean all parameters for all variants
Added Pin To Net: NetName=AGND Pin=C1-1
Added Pin To Net: NetName=AVDD(2.45~3.0V) Pin=C1-2
Added Pin To Net: NetName=5V Pin=C2-1
Added Pin To Net: NetName=5V Pin=C2-2
Added Pin To Net: NetName=5V Pin=C3-1
Added Pin To Net: NetName=5V Pin=C3-2
Added Pin To Net: NetName=5V Pin=C4-1
Added Pin To Net: NetName=NetC4_2 Pin=C4-2
Added Pin To Net: NetName=5V Pin=C5-1
Added Pin To Net: NetName=NetC5_2 Pin=C5-2
Added Pin To Net: NetName=5V Pin=C6-1
Added Pin To Net: NetName=DOVDD(1.7~3.0V) Pin=C6-2
Added Pin To Net: NetName=5V Pin=C7-1
Added Pin To Net: NetName=DOVDD(1.7~3.0V) Pin=C7-2
Added Pin To Net: NetName=5V Pin=C8-1
Added Pin To Net: NetName=5V Pin=C8-2
Added Pin To Net: NetName=5V Pin=C9-1
Added Pin To Net: NetName=NetC9_2 Pin=C9-2
Added Pin To Net: NetName=5V Pin=C10-1
Added Pin To Net: NetName=1.8V Pin=C10-2
Added Pin To Net: NetName=5V Pin=C11-1
Added Pin To Net: NetName=1.8V Pin=C11-2
Added Pin To Net: NetName=5V Pin=C12-1
Added Pin To Net: NetName=5V Pin=C12-2
Added Pin To Net: NetName=5V Pin=C13-1
Added Pin To Net: NetName=NetC13_2 Pin=C13-2
Added Pin To Net: NetName=5V Pin=C14-1
Added Pin To Net: NetName=5V Pin=C14-2
Added Pin To Net: NetName=5V Pin=C15-1
Added Pin To Net: NetName=5V Pin=C15-2
Added Pin To Net: NetName=5V Pin=C16-1
Added Pin To Net: NetName=VDDA Pin=C16-2
Added Pin To Net: NetName=5V Pin=C17-1
Added Pin To Net: NetName=VDDA Pin=C17-2
Added Pin To Net: NetName=5V Pin=C18-1
Added Pin To Net: NetName=5V Pin=C18-2
Added Pin To Net: NetName=5V Pin=C19-1
Added Pin To Net: NetName=NetC19_2 Pin=C19-2
Added Pin To Net: NetName=5V Pin=C20-1
Added Pin To Net: NetName=3.3V Pin=C20-2
Added Pin To Net: NetName=5V Pin=C21-1
Added Pin To Net: NetName=3.3V Pin=C21-2
Added Pin To Net: NetName=5V Pin=C22-1
Added Pin To Net: NetName=NRST Pin=C22-2
Added Pin To Net: NetName=5V Pin=C23-1
Added Pin To Net: NetName=NetC23_2 Pin=C23-2
Added Pin To Net: NetName=NetC24_1 Pin=C24-1
Added Pin To Net: NetName=5V Pin=C24-2
Added Pin To Net: NetName=NetD1_1 Pin=D1-1
Added Pin To Net: NetName=5V Pin=D1-2
Added Pin To Net: NetName=NetD2_1 Pin=D2-1
Added Pin To Net: NetName=LED1 Pin=D2-2
Added Pin To Net: NetName=NetD3_1 Pin=D3-1
Added Pin To Net: NetName=LED2 Pin=D3-2
Added Pin To Net: NetName=SPI1_MOSI Pin=J1-1
Added Pin To Net: NetName=SPI1_MISO Pin=J1-2
Added Pin To Net: NetName=SPI1_SCK Pin=J1-3
Added Pin To Net: NetName=SPI1_CS Pin=J1-4
Added Pin To Net: NetName=SPI1_RS Pin=J1-5
Added Pin To Net: NetName=SPI1_REST Pin=J1-6
Added Pin To Net: NetName=5V Pin=J1-7
Added Pin To Net: NetName=3.3V Pin=J1-8
Added Pin To Net: NetName=VDDA Pin=L1-1
Added Pin To Net: NetName=3.3V Pin=L1-2
Added Pin To Net: NetName=NC Pin=P1-1
Added Pin To Net: NetName=AGND Pin=P1-2
Added Pin To Net: NetName=SIOD Pin=P1-3
Added Pin To Net: NetName=AVDD(2.45~3.0V) Pin=P1-4
Added Pin To Net: NetName=SIOC Pin=P1-5
Added Pin To Net: NetName=RESET Pin=P1-6
Added Pin To Net: NetName=DCMI_VSYNC Pin=P1-7
Added Pin To Net: NetName=PWDN Pin=P1-8
Added Pin To Net: NetName=DCMI_HREF Pin=P1-9
Added Pin To Net: NetName=1.8V Pin=P1-10
Added Pin To Net: NetName=DOVDD(1.7~3.0V) Pin=P1-11
Added Pin To Net: NetName=DCMI_D9 Pin=P1-12
Added Pin To Net: NetName=DCMI_XCLK Pin=P1-13
Added Pin To Net: NetName=DCMI_D8 Pin=P1-14
Added Pin To Net: NetName=5V Pin=P1-15
Added Pin To Net: NetName=DCMI_D7 Pin=P1-16
Added Pin To Net: NetName=DCMI_PCLK Pin=P1-17
Added Pin To Net: NetName=DCMI_D6 Pin=P1-18
Added Pin To Net: NetName=DCMI_D2 Pin=P1-19
Added Pin To Net: NetName=DCMI_D5 Pin=P1-20
Added Pin To Net: NetName=DCMI_D3 Pin=P1-21
Added Pin To Net: NetName=DCMI_D4 Pin=P1-22
Added Pin To Net: NetName=DCMI_D1 Pin=P1-23
Added Pin To Net: NetName=DCMI_D0 Pin=P1-24
Added Pin To Net: NetName=5V Pin=P2-1
Added Pin To Net: NetName=SWDIO Pin=P2-2
Added Pin To Net: NetName=SWCLK Pin=P2-3
Added Pin To Net: NetName=3.3V Pin=P2-4
Added Pin To Net: NetName=5V Pin=P3-1
Added Pin To Net: NetName=5V Pin=P3-2
Added Pin To Net: NetName=USART1-TX Pin=P3-3
Added Pin To Net: NetName=USART1-RX Pin=P3-4
Added Pin To Net: NetName=NetC5_2 Pin=R1-1
Added Pin To Net: NetName=AVDD(2.45~3.0V) Pin=R1-2
Added Pin To Net: NetName=DOVDD(1.7~3.0V) Pin=R2-1
Added Pin To Net: NetName=NetC5_2 Pin=R2-2
Added Pin To Net: NetName=NetD1_1 Pin=R3-1
Added Pin To Net: NetName=5V Pin=R3-2
Added Pin To Net: NetName=AGND Pin=R4-1
Added Pin To Net: NetName=5V Pin=R4-2
Added Pin To Net: NetName=3.3V Pin=R5-1
Added Pin To Net: NetName=NRST Pin=R5-2
Added Pin To Net: NetName=3.3V Pin=R6-1
Added Pin To Net: NetName=BOOT0 Pin=R6-2
Added Pin To Net: NetName=BOOT0 Pin=R7-1
Added Pin To Net: NetName=5V Pin=R7-2
Added Pin To Net: NetName=3.3V Pin=R8-1
Added Pin To Net: NetName=BOOT1 Pin=R8-2
Added Pin To Net: NetName=BOOT1 Pin=R9-1
Added Pin To Net: NetName=5V Pin=R9-2
Added Pin To Net: NetName=3.3V Pin=R10-1
Added Pin To Net: NetName=NetD2_1 Pin=R10-2
Added Pin To Net: NetName=3.3V Pin=R11-1
Added Pin To Net: NetName=NetD3_1 Pin=R11-2
Added Pin To Net: NetName=5V Pin=S1-2
Added Pin To Net: NetName=KEY1 Pin=S2-1
Added Pin To Net: NetName=5V Pin=S2-2
Added Pin To Net: NetName=KEY2 Pin=S3-1
Added Pin To Net: NetName=5V Pin=S3-2
Added Pin To Net: NetName=DCMI_D6 Pin=U4-4
Added Pin To Net: NetName=DCMI_D7 Pin=U4-5
Added Pin To Net: NetName=3.3V Pin=U4-6
Added Pin To Net: NetName=5V Pin=U4-10
Added Pin To Net: NetName=3.3V Pin=U4-11
Added Pin To Net: NetName=OS_8M_IN Pin=U4-12
Added Pin To Net: NetName=OS_8M_OUT Pin=U4-13
Added Pin To Net: NetName=NRST Pin=U4-14
Added Pin To Net: NetName=SIOD Pin=U4-15
Added Pin To Net: NetName=SIOC Pin=U4-16
Added Pin To Net: NetName=RESET Pin=U4-17
Added Pin To Net: NetName=PWDN Pin=U4-18
Added Pin To Net: NetName=3.3V Pin=U4-19
Added Pin To Net: NetName=5V Pin=U4-20
Added Pin To Net: NetName=VDDA Pin=U4-21
Added Pin To Net: NetName=VDDA Pin=U4-22
Added Pin To Net: NetName=5V Pin=U4-27
Added Pin To Net: NetName=3.3V Pin=U4-28
Added Pin To Net: NetName=DCMI_HREF Pin=U4-29
Added Pin To Net: NetName=SPI1_SCK Pin=U4-30
Added Pin To Net: NetName=DCMI_PCLK Pin=U4-31
Added Pin To Net: NetName=SPI1_MISO Pin=U4-32
Added Pin To Net: NetName=BOOT1 Pin=U4-37
Added Pin To Net: NetName=SPI1_RS Pin=U4-39
Added Pin To Net: NetName=SPI1_REST Pin=U4-40
Added Pin To Net: NetName=NetC23_2 Pin=U4-49
Added Pin To Net: NetName=3.3V Pin=U4-50
Added Pin To Net: NetName=DCMI_D0 Pin=U4-63
Added Pin To Net: NetName=DCMI_D1 Pin=U4-64
Added Pin To Net: NetName=DCMI_D2 Pin=U4-65
Added Pin To Net: NetName=DCMI_XCLK Pin=U4-67
Added Pin To Net: NetName=USART1-RX Pin=U4-68
Added Pin To Net: NetName=USART1-TX Pin=U4-69
Added Pin To Net: NetName=USB_D- Pin=U4-70
Added Pin To Net: NetName=USB_D+ Pin=U4-71
Added Pin To Net: NetName=SWDIO Pin=U4-72
Added Pin To Net: NetName=NetC24_1 Pin=U4-73
Added Pin To Net: NetName=5V Pin=U4-74
Added Pin To Net: NetName=3.3V Pin=U4-75
Added Pin To Net: NetName=SWCLK Pin=U4-76
Added Pin To Net: NetName=SPI1_CS Pin=U4-77
Added Pin To Net: NetName=DCMI_D4 Pin=U4-79
Added Pin To Net: NetName=SPI1_MISO Pin=U4-90
Added Pin To Net: NetName=DCMI_D5 Pin=U4-92
Added Pin To Net: NetName=DCMI_VSYNC Pin=U4-93
Added Pin To Net: NetName=BOOT0 Pin=U4-94
Added Pin To Net: NetName=DCMI_D3 Pin=U4-98
Added Pin To Net: NetName=5V Pin=U4-99
Added Pin To Net: NetName=3.3V Pin=U4-100
Added Pin To Net: NetName=OS_8M_OUT Pin=Y1-1
Added Pin To Net: NetName=5V Pin=Y1-2
Added Pin To Net: NetName=OS_8M_IN Pin=Y1-3
Added Member To Class: ClassName=ov7670电路（骑飞） Member=Component C1 CAP
Added Member To Class: ClassName=ov7670电路（骑飞） Member=Component C2 10UF
Added Member To Class: ClassName=ov7670电路（骑飞） Member=Component C3 1UF
Added Member To Class: ClassName=ov7670电路（骑飞） Member=Component C4 10nF
Added Member To Class: ClassName=ov7670电路（骑飞） Member=Component C5 10UF
Added Member To Class: ClassName=ov7670电路（骑飞） Member=Component C6 4.7uF
Added Member To Class: ClassName=ov7670电路（骑飞） Member=Component C7 4.7uF
Added Member To Class: ClassName=ov7670电路（骑飞） Member=Component C8 1UF
Added Member To Class: ClassName=ov7670电路（骑飞） Member=Component C9 10nF
Added Member To Class: ClassName=ov7670电路（骑飞） Member=Component C10 10UF
Added Member To Class: ClassName=ov7670电路（骑飞） Member=Component C11 0.1UF
Added Member To Class: ClassName=ov7670电路（骑飞） Member=Component C12 1UF
Added Member To Class: ClassName=ov7670电路（骑飞） Member=Component C13 10nF
Added Member To Class: ClassName=ov7670电路（骑飞） Member=Component C14 10UF
Added Member To Class: ClassName=ov7670电路（骑飞） Member=Component C15 0.1UF
Added Member To Class: ClassName=F407VET6（主控） Member=Component C16 CAP
Added Member To Class: ClassName=F407VET6（主控） Member=Component C17 CAP
Added Member To Class: ClassName=F407VET6（主控） Member=Component C18 1UF
Added Member To Class: ClassName=F407VET6（主控） Member=Component C19 10nF
Added Member To Class: ClassName=F407VET6（主控） Member=Component C20 10UF
Added Member To Class: ClassName=F407VET6（主控） Member=Component C21 0.1UF
Added Member To Class: ClassName=F407VET6（主控） Member=Component C22 CAP
Added Member To Class: ClassName=F407VET6（主控） Member=Component C23 CAP
Added Member To Class: ClassName=F407VET6（主控） Member=Component C24 CAP
Added Member To Class: ClassName=ov7670电路（骑飞） Member=Component D1 LED
Added Member To Class: ClassName=F407VET6（主控） Member=Component D2 LED
Added Member To Class: ClassName=F407VET6（主控） Member=Component D3 LED
Added Member To Class: ClassName=F407VET6（主控） Member=Component J1 CON8
Added Member To Class: ClassName=F407VET6（主控） Member=Component L1 L
Added Member To Class: ClassName=ov7670电路（骑飞） Member=Component P1 FPC
Added Member To Class: ClassName=F407VET6（主控） Member=Component P2 Header 4
Added Member To Class: ClassName=F407VET6（主控） Member=Component P3 Header 4
Added Member To Class: ClassName=ov7670电路（骑飞） Member=Component R1 10
Added Member To Class: ClassName=ov7670电路（骑飞） Member=Component R2 10
Added Member To Class: ClassName=ov7670电路（骑飞） Member=Component R3 1K
Added Member To Class: ClassName=ov7670电路（骑飞） Member=Component R4 10
Added Member To Class: ClassName=F407VET6（主控） Member=Component R5 RES
Added Member To Class: ClassName=F407VET6（主控） Member=Component R6 RES
Added Member To Class: ClassName=F407VET6（主控） Member=Component R7 RES
Added Member To Class: ClassName=F407VET6（主控） Member=Component R8 RES
Added Member To Class: ClassName=F407VET6（主控） Member=Component R9 RES
Added Member To Class: ClassName=F407VET6（主控） Member=Component R10 RES
Added Member To Class: ClassName=F407VET6（主控） Member=Component R11 RES
Added Member To Class: ClassName=F407VET6（主控） Member=Component S1 SW-PB
Added Member To Class: ClassName=F407VET6（主控） Member=Component S2 SW-PB
Added Member To Class: ClassName=F407VET6（主控） Member=Component S3 SW-PB
Added Member To Class: ClassName=F407VET6（主控） Member=Component U4 STM32F407VET6
Added Member To Class: ClassName=F407VET6（主控） Member=Component Y1 XTAL-3PIN
Added Room: Name=F407VET6（主控）
Added Room: Name=ov7670电路（骑飞）
