Added Component: Designator=C16(C_0603)
Add component. Clean all parameters for all variants
Added Component: Designator=C22(C_0603)
Add component. Clean all parameters for all variants
Added Component: Designator=D2(LED_0603)
Add component. Clean all parameters for all variants
Add component (AddParameter): Name = "PCB DECAL"; Value = "LED_0603"; VariantName = "[No Variations]"
Add component (AddParameter): Name = "Value"; Value = "BLUE"; VariantName = "[No Variations]"
Added Component: Designator=D3(LED_0603)
Add component. Clean all parameters for all variants
Add component (AddParameter): Name = "PCB DECAL"; Value = "LED_0603"; VariantName = "[No Variations]"
Add component (AddParameter): Name = "Value"; Value = "BLUE"; VariantName = "[No Variations]"
Added Component: Designator=J1(sip-8)
Add component. Clean all parameters for all variants
Added Component: Designator=P1(FPC0.5-40P-A)
Add component. Clean all parameters for all variants
Added Component: Designator=P2(EDSTLZ1550-4P)
Add component. Clean all parameters for all variants
Add component (AddParameter): Name = "LatestRevisionDate"; Value = "17-Jul-2002"; VariantName = "[No Variations]"
Add component (AddParameter): Name = "LatestRevisionNote"; Value = "Re-released for DXP Platform."; VariantName = "[No Variations]"
Add component (AddParameter): Name = "Publisher"; Value = "Altium Limited"; VariantName = "[No Variations]"
Added Component: Designator=P3(EDSTLZ1550-4P)
Add component. Clean all parameters for all variants
Add component (AddParameter): Name = "LatestRevisionDate"; Value = "17-Jul-2002"; VariantName = "[No Variations]"
Add component (AddParameter): Name = "LatestRevisionNote"; Value = "Re-released for DXP Platform."; VariantName = "[No Variations]"
Add component (AddParameter): Name = "Publisher"; Value = "Altium Limited"; VariantName = "[No Variations]"
Added Component: Designator=R5(R_0603)
Add component. Clean all parameters for all variants
Added Component: Designator=R6(R_0603)
Add component. Clean all parameters for all variants
Added Component: Designator=R7(R_0603)
Add component. Clean all parameters for all variants
Added Component: Designator=R8(R_0603)
Add component. Clean all parameters for all variants
Added Component: Designator=R9(R_0603)
Add component. Clean all parameters for all variants
Added Component: Designator=R10(R_0603)
Add component. Clean all parameters for all variants
Added Component: Designator=R11(R_0603)
Add component. Clean all parameters for all variants
Added Component: Designator=S1(SW_PB2_A1)
Add component. Clean all parameters for all variants
Add component (AddParameter): Name = "LatestRevisionDate"; Value = "17-Jul-2002"; VariantName = "[No Variations]"
Add component (AddParameter): Name = "LatestRevisionNote"; Value = "Re-released for DXP Platform."; VariantName = "[No Variations]"
Add component (AddParameter): Name = "PackageReference"; Value = "SPST-2"; VariantName = "[No Variations]"
Add component (AddParameter): Name = "Published"; Value = "24-Mar-1999"; VariantName = "[No Variations]"
Add component (AddParameter): Name = "Publisher"; Value = "Altium Limited"; VariantName = "[No Variations]"
Added Component: Designator=S2(SW_PB2_A1)
Add component. Clean all parameters for all variants
Add component (AddParameter): Name = "LatestRevisionDate"; Value = "17-Jul-2002"; VariantName = "[No Variations]"
Add component (AddParameter): Name = "LatestRevisionNote"; Value = "Re-released for DXP Platform."; VariantName = "[No Variations]"
Add component (AddParameter): Name = "PackageReference"; Value = "SPST-2"; VariantName = "[No Variations]"
Add component (AddParameter): Name = "Published"; Value = "24-Mar-1999"; VariantName = "[No Variations]"
Add component (AddParameter): Name = "Publisher"; Value = "Altium Limited"; VariantName = "[No Variations]"
Added Component: Designator=S3(SW_PB2_A1)
Add component. Clean all parameters for all variants
Add component (AddParameter): Name = "LatestRevisionDate"; Value = "17-Jul-2002"; VariantName = "[No Variations]"
Add component (AddParameter): Name = "LatestRevisionNote"; Value = "Re-released for DXP Platform."; VariantName = "[No Variations]"
Add component (AddParameter): Name = "PackageReference"; Value = "SPST-2"; VariantName = "[No Variations]"
Add component (AddParameter): Name = "Published"; Value = "24-Mar-1999"; VariantName = "[No Variations]"
Add component (AddParameter): Name = "Publisher"; Value = "Altium Limited"; VariantName = "[No Variations]"
Added Component: Designator=Y1(X-CPX20)
Add component. Clean all parameters for all variants
Added Pin To Net: NetName=1.8V Pin=P1-10
Added Net: Name=1.8V
Added Pin To Net: NetName=3.3V Pin=J1-8
Added Pin To Net: NetName=3.3V Pin=P2-4
Added Pin To Net: NetName=3.3V Pin=R5-1
Added Pin To Net: NetName=3.3V Pin=R6-1
Added Pin To Net: NetName=3.3V Pin=R8-1
Added Pin To Net: NetName=3.3V Pin=R10-1
Added Pin To Net: NetName=3.3V Pin=R11-1
Added Net: Name=3.3V
Added Pin To Net: NetName=5V Pin=C16-1
Added Pin To Net: NetName=5V Pin=C22-1
Added Pin To Net: NetName=5V Pin=J1-7
Added Pin To Net: NetName=5V Pin=P1-15
Added Pin To Net: NetName=5V Pin=P2-1
Added Pin To Net: NetName=5V Pin=P3-1
Added Pin To Net: NetName=5V Pin=P3-2
Added Pin To Net: NetName=5V Pin=R7-2
Added Pin To Net: NetName=5V Pin=R9-2
Added Pin To Net: NetName=5V Pin=S1-2
Added Pin To Net: NetName=5V Pin=S2-2
Added Pin To Net: NetName=5V Pin=S3-2
Added Pin To Net: NetName=5V Pin=Y1-2
Added Net: Name=5V
Added Pin To Net: NetName=AGND Pin=P1-2
Added Net: Name=AGND
Added Pin To Net: NetName=AVDD(2.45~3.0V) Pin=P1-4
Added Net: Name=AVDD(2.45~3.0V)
Added Pin To Net: NetName=BOOT0 Pin=R6-2
Added Pin To Net: NetName=BOOT0 Pin=R7-1
Added Net: Name=BOOT0
Added Pin To Net: NetName=BOOT1 Pin=R8-2
Added Pin To Net: NetName=BOOT1 Pin=R9-1
Added Net: Name=BOOT1
Added Pin To Net: NetName=DCMI_D0 Pin=P1-24
Added Net: Name=DCMI_D0
Added Pin To Net: NetName=DCMI_D1 Pin=P1-23
Added Net: Name=DCMI_D1
Added Pin To Net: NetName=DCMI_D2 Pin=P1-19
Added Net: Name=DCMI_D2
Added Pin To Net: NetName=DCMI_D3 Pin=P1-21
Added Net: Name=DCMI_D3
Added Pin To Net: NetName=DCMI_D4 Pin=P1-22
Added Net: Name=DCMI_D4
Added Pin To Net: NetName=DCMI_D5 Pin=P1-20
Added Net: Name=DCMI_D5
Added Pin To Net: NetName=DCMI_D6 Pin=P1-18
Added Net: Name=DCMI_D6
Added Pin To Net: NetName=DCMI_D7 Pin=P1-16
Added Net: Name=DCMI_D7
Added Pin To Net: NetName=DCMI_D8 Pin=P1-14
Added Net: Name=DCMI_D8
Added Pin To Net: NetName=DCMI_D9 Pin=P1-12
Added Net: Name=DCMI_D9
Added Pin To Net: NetName=DCMI_HREF Pin=P1-9
Added Net: Name=DCMI_HREF
Added Pin To Net: NetName=DCMI_PCLK Pin=P1-17
Added Net: Name=DCMI_PCLK
Added Pin To Net: NetName=DCMI_VSYNC Pin=P1-7
Added Net: Name=DCMI_VSYNC
Added Pin To Net: NetName=DCMI_XCLK Pin=P1-13
Added Net: Name=DCMI_XCLK
Added Pin To Net: NetName=DOVDD(1.7~3.0V) Pin=P1-11
Added Net: Name=DOVDD(1.7~3.0V)
Added Pin To Net: NetName=KEY1 Pin=S2-1
Added Net: Name=KEY1
Added Pin To Net: NetName=KEY2 Pin=S3-1
Added Net: Name=KEY2
Added Pin To Net: NetName=LED1 Pin=D2-2
Added Net: Name=LED1
Added Pin To Net: NetName=LED2 Pin=D3-2
Added Net: Name=LED2
Added Pin To Net: NetName=NC Pin=P1-1
Added Net: Name=NC
Added Net: Name=NetC4_2
Added Net: Name=NetC5_2
Added Net: Name=NetC9_2
Added Net: Name=NetC13_2
Added Net: Name=NetC19_2
Added Net: Name=NetC23_2
Added Net: Name=NetC24_1
Added Net: Name=NetD1_1
Added Pin To Net: NetName=NetD2_1 Pin=D2-1
Added Pin To Net: NetName=NetD2_1 Pin=R10-2
Added Net: Name=NetD2_1
Added Pin To Net: NetName=NetD3_1 Pin=D3-1
Added Pin To Net: NetName=NetD3_1 Pin=R11-2
Added Net: Name=NetD3_1
Added Pin To Net: NetName=NRST Pin=C22-2
Added Pin To Net: NetName=NRST Pin=R5-2
Added Net: Name=NRST
Added Pin To Net: NetName=OS_8M_IN Pin=Y1-3
Added Net: Name=OS_8M_IN
Added Pin To Net: NetName=OS_8M_OUT Pin=Y1-1
Added Net: Name=OS_8M_OUT
Added Pin To Net: NetName=PWDN Pin=P1-8
Added Net: Name=PWDN
Added Pin To Net: NetName=RESET Pin=P1-6
Added Net: Name=RESET
Added Pin To Net: NetName=SIOC Pin=P1-5
Added Net: Name=SIOC
Added Pin To Net: NetName=SIOD Pin=P1-3
Added Net: Name=SIOD
Added Pin To Net: NetName=SPI1_CS Pin=J1-4
Added Net: Name=SPI1_CS
Added Pin To Net: NetName=SPI1_MISO Pin=J1-2
Added Net: Name=SPI1_MISO
Added Pin To Net: NetName=SPI1_MOSI Pin=J1-1
Added Net: Name=SPI1_MOSI
Added Pin To Net: NetName=SPI1_REST Pin=J1-6
Added Net: Name=SPI1_REST
Added Pin To Net: NetName=SPI1_RS Pin=J1-5
Added Net: Name=SPI1_RS
Added Pin To Net: NetName=SPI1_SCK Pin=J1-3
Added Net: Name=SPI1_SCK
Added Pin To Net: NetName=SWCLK Pin=P2-3
Added Net: Name=SWCLK
Added Pin To Net: NetName=SWDIO Pin=P2-2
Added Net: Name=SWDIO
Added Pin To Net: NetName=USART1-RX Pin=P3-4
Added Net: Name=USART1-RX
Added Pin To Net: NetName=USART1-TX Pin=P3-3
Added Net: Name=USART1-TX
Added Net: Name=USB_D+
Added Net: Name=USB_D-
Added Pin To Net: NetName=VDDA Pin=C16-2
Added Net: Name=VDDA
Added Class: Name=F407VET6（主控）
Added Class: Name=ov7670电路（骑飞）
Added Room: Name=F407VET6（主控）
Added Room: Name=ov7670电路（骑飞）
